Base path: C:/Program Files (x86)/Unity/Editor/Data
Pipe name: \\.\pipe\UnityShaderCompiler-7-11908
Cmd: getPlatforms
Cmd: compileSnippet
  api=8 type=0 insize=7087 outsize=9458 kw=DIRECTIONAL LIGHTMAP_OFF DIRLIGHTMAP_OFF VERTEXLIGHT_ON ok=1
Cmd: compileSnippet
  api=8 type=0 insize=4819 outsize=4989 kw=DIRECTIONAL ok=1
Cmd: compileSnippet
  api=4 type=0 insize=4819 outsize=4223 kw=POINT_COOKIE ok=1
Cmd: compileSnippet
  api=8 type=1 insize=4819 outsize=5737 kw=DIRECTIONAL_COOKIE ok=1
Cmd: compileSnippet
  api=8 type=0 insize=6012 outsize=2243 kw=DIRECTIONAL LIGHTMAP_ON DIRLIGHTMAP_OFF ok=1
Cmd: compileSnippet
  api=4 type=0 insize=3811 outsize=3777 kw=POINT ok=1
Cmd: compileSnippet
  api=4 type=0 insize=3811 outsize=3687 kw=DIRECTIONAL_COOKIE ok=1
Cmd: compileSnippet
  api=8 type=1 insize=3811 outsize=5964 kw=SPOT ok=1
Cmd: compileSnippet
  api=8 type=1 insize=5336 outsize=2478 kw=DIRECTIONAL LIGHTMAP_ON DIRLIGHTMAP_ON ok=1
Cmd: compileSnippet
  api=8 type=0 insize=2853 outsize=3502 kw=DIRECTIONAL ok=1
Cmd: compileSnippet
  api=8 type=1 insize=2853 outsize=3267 kw=POINT ok=1
Cmd: compileSnippet
  api=4 type=1 insize=2853 outsize=2005 kw=DIRECTIONAL_COOKIE ok=1
Cmd: compileSnippet
  api=8 type=1 insize=1203 outsize=1690 kw= ok=1
Cmd: compileSnippet
  api=8 type=0 insize=1770 outsize=2430 kw= ok=1
Cmd: compileSnippet
  api=8 type=1 insize=1274 outsize=1633 kw= ok=1
Cmd: compileSnippet
  error: 2 plat 8 at (103): 'vert': output parameter 'o' not completely initialized
  error: 1 plat 8 at (153): implicit truncation of vector type
  api=8 type=0 insize=8458 outsize=0 kw=DIRECTIONAL SHADOWS_OFF LIGHTMAP_ON DIRLIGHTMAP_OFF ok=0
Cmd: compileSnippet
  error: 2 plat 8 at (103): 'vert': output parameter 'o' not completely initialized
  error: 1 plat 8 at (153): implicit truncation of vector type
  api=8 type=0 insize=8458 outsize=0 kw=DIRECTIONAL SHADOWS_SCREEN LIGHTMAP_ON DIRLIGHTMAP_OFF ok=0
Cmd: compileSnippet
  api=4 type=1 insize=8458 outsize=2436 kw=DIRECTIONAL SHADOWS_OFF LIGHTMAP_OFF DIRLIGHTMAP_OFF ok=1
Cmd: compileSnippet
  api=8 type=1 insize=8458 outsize=3681 kw=DIRECTIONAL SHADOWS_SCREEN LIGHTMAP_ON DIRLIGHTMAP_OFF ok=1
Cmd: compileSnippet
  error: 2 plat 4 at (103): 'vert': output parameter 'o' not completely initialized
  error: 1 plat 4 at (153): implicit truncation of vector type
  api=4 type=0 insize=5626 outsize=0 kw=DIRECTIONAL_COOKIE ok=0
Cmd: compileSnippet
  api=4 type=1 insize=5626 outsize=608 kw=SPOT ok=1
Cmd: compileSnippet
  error: 2 plat 8 at (103): 'vert': output parameter 'o' not completely initialized
  error: 1 plat 8 at (153): implicit truncation of vector type
  api=8 type=0 insize=5555 outsize=0 kw= ok=0
Cmd: compileSnippet
  error: 2 plat 4 at (103): 'vert': output parameter 'o' not completely initialized
  error: 1 plat 4 at (153): implicit truncation of vector type
  api=4 type=0 insize=7902 outsize=0 kw=LIGHTMAP_ON DIRLIGHTMAP_OFF HDR_LIGHT_PREPASS_OFF ok=0
Cmd: compileSnippet
  api=8 type=1 insize=7902 outsize=3681 kw=LIGHTMAP_OFF DIRLIGHTMAP_OFF HDR_LIGHT_PREPASS_ON ok=1
Cmd: compileSnippet
  api=4 type=0 insize=2154 outsize=2078 kw= ok=1
Cmd: compileSnippet
  api=8 type=0 insize=2509 outsize=4087 kw=SPOT ok=1
Cmd: compileSnippet
  api=8 type=1 insize=2509 outsize=1690 kw=SPOT ok=1
Cmd: compileSnippet
  api=8 type=0 insize=1051 outsize=1690 kw= ok=1
Cmd: compileSnippet
  api=8 type=1 insize=924 outsize=1113 kw= ok=1
Cmd: compileSnippet
  api=8 type=0 insize=2137 outsize=2958 kw= ok=1
Cmd: compileSnippet
  api=4 type=1 insize=1252 outsize=1168 kw= ok=1
Cmd: compileSnippet
  api=4 type=1 insize=1277 outsize=1120 kw= ok=1
Cmd: compileSnippet
  api=4 type=1 insize=1333 outsize=1136 kw= ok=1
Cmd: compileSnippet
  api=4 type=0 insize=1218 outsize=1388 kw= ok=1
Cmd: compileSnippet
  api=4 type=0 insize=1237 outsize=1388 kw= ok=1
Cmd: compileSnippet
  error: 2 plat 4 at (98): 'vert': output parameter 'o' not completely initialized
  error: 1 plat 4 at (143): implicit truncation of vector type
  error: 1 plat 4 at (144): implicit truncation of vector type
  api=4 type=0 insize=8020 outsize=0 kw=DIRECTIONAL SHADOWS_OFF LIGHTMAP_OFF DIRLIGHTMAP_OFF VERTEXLIGHT_ON ok=0
Cmd: compileSnippet
  api=4 type=1 insize=8020 outsize=2111 kw=DIRECTIONAL SHADOWS_OFF LIGHTMAP_OFF DIRLIGHTMAP_OFF ok=1
Cmd: compileSnippet
  api=8 type=1 insize=8020 outsize=3072 kw=DIRECTIONAL SHADOWS_SCREEN LIGHTMAP_ON DIRLIGHTMAP_OFF ok=1
Cmd: compileSnippet
  error: 2 plat 4 at (98): 'vert': output parameter 'o' not completely initialized
  error: 1 plat 4 at (143): implicit truncation of vector type
  error: 1 plat 4 at (144): implicit truncation of vector type
  api=4 type=0 insize=5295 outsize=0 kw=POINT_COOKIE ok=0
Cmd: compileSnippet
  api=8 type=1 insize=5295 outsize=829 kw=POINT ok=1
Cmd: compileSnippet
  error: 2 plat 8 at (98): 'vert': output parameter 'o' not completely initialized
  error: 1 plat 8 at (143): implicit truncation of vector type
  error: 1 plat 8 at (144): implicit truncation of vector type
  api=8 type=0 insize=5224 outsize=0 kw= ok=0
Cmd: compileSnippet
  error: 2 plat 4 at (98): 'vert': output parameter 'o' not completely initialized
  error: 1 plat 4 at (143): implicit truncation of vector type
  error: 1 plat 4 at (144): implicit truncation of vector type
  api=4 type=0 insize=7464 outsize=0 kw=LIGHTMAP_OFF DIRLIGHTMAP_OFF HDR_LIGHT_PREPASS_OFF ok=0
Cmd: compileSnippet
  api=4 type=1 insize=7464 outsize=2111 kw=LIGHTMAP_ON DIRLIGHTMAP_OFF HDR_LIGHT_PREPASS_OFF ok=1
Cmd: compileSnippet
  api=4 type=1 insize=1298 outsize=1428 kw=SOFTPARTICLES_OFF ok=1
Unhandled exception: Readfile from pipe failed. GLE=管道已结束。


Quitting shader compiler process
