Base path: C:/Program Files (x86)/Unity/Editor/Data
Pipe name: \\.\pipe\UnityShaderCompiler-1-9832
Cmd: getPlatforms
Cmd: compileSnippet
  api=4 type=1 insize=876 outsize=754 kw= ok=1
Cmd: compileSnippet
  api=4 type=0 insize=4819 outsize=4134 kw=DIRECTIONAL_COOKIE ok=1
Cmd: compileSnippet
  api=4 type=1 insize=4819 outsize=4516 kw=SPOT ok=1
Cmd: compileSnippet
  api=8 type=0 insize=6012 outsize=6143 kw=DIRECTIONAL LIGHTMAP_OFF DIRLIGHTMAP_OFF ok=1
Cmd: compileSnippet
  api=4 type=1 insize=6012 outsize=3265 kw=DIRECTIONAL LIGHTMAP_OFF DIRLIGHTMAP_OFF ok=1
Cmd: compileSnippet
  api=4 type=0 insize=3811 outsize=3777 kw=POINT_COOKIE ok=1
Cmd: compileSnippet
  api=8 type=1 insize=3811 outsize=5030 kw=DIRECTIONAL_COOKIE ok=1
Cmd: compileSnippet
  api=4 type=0 insize=5336 outsize=3240 kw=DIRECTIONAL LIGHTMAP_OFF DIRLIGHTMAP_OFF ok=1
Cmd: compileSnippet
  api=4 type=0 insize=5336 outsize=4654 kw=DIRECTIONAL LIGHTMAP_OFF DIRLIGHTMAP_OFF VERTEXLIGHT_ON ok=1
Cmd: compileSnippet
  api=8 type=0 insize=2853 outsize=4558 kw=POINT_COOKIE ok=1
Cmd: compileSnippet
  api=4 type=1 insize=2853 outsize=2217 kw=POINT ok=1
Cmd: compileSnippet
  api=8 type=1 insize=815 outsize=1747 kw= ok=1
Cmd: compileSnippet
  api=8 type=1 insize=986 outsize=1113 kw= ok=1
Cmd: compileSnippet
  api=4 type=1 insize=1770 outsize=1290 kw= ok=1
Cmd: compileSnippet
  error: 2 plat 8 at (103): 'vert': output parameter 'o' not completely initialized
  error: 1 plat 8 at (153): implicit truncation of vector type
  api=8 type=0 insize=8458 outsize=0 kw=DIRECTIONAL SHADOWS_SCREEN LIGHTMAP_OFF DIRLIGHTMAP_OFF VERTEXLIGHT_ON ok=0
Cmd: compileSnippet
  api=4 type=1 insize=8458 outsize=2485 kw=DIRECTIONAL SHADOWS_SCREEN LIGHTMAP_OFF DIRLIGHTMAP_OFF ok=1
Cmd: compileSnippet
  error: 2 plat 8 at (103): 'vert': output parameter 'o' not completely initialized
  error: 1 plat 8 at (153): implicit truncation of vector type
  api=8 type=0 insize=5626 outsize=0 kw=POINT ok=0
Cmd: compileSnippet
  error: 2 plat 4 at (103): 'vert': output parameter 'o' not completely initialized
  error: 1 plat 4 at (153): implicit truncation of vector type
  api=4 type=0 insize=5626 outsize=0 kw=SPOT ok=0
Cmd: compileSnippet
  api=8 type=1 insize=5626 outsize=829 kw=POINT_COOKIE ok=1
Cmd: compileSnippet
  error: 2 plat 4 at (103): 'vert': output parameter 'o' not completely initialized
  error: 1 plat 4 at (153): implicit truncation of vector type
  api=4 type=0 insize=5555 outsize=0 kw= ok=0
Cmd: compileSnippet
  api=4 type=1 insize=5555 outsize=917 kw= ok=1
Cmd: compileSnippet
  api=4 type=1 insize=7902 outsize=2387 kw=LIGHTMAP_OFF DIRLIGHTMAP_OFF HDR_LIGHT_PREPASS_OFF ok=1
Cmd: compileSnippet
  api=4 type=1 insize=2154 outsize=1632 kw= ok=1
Cmd: compileSnippet
  api=8 type=0 insize=1322 outsize=1950 kw= ok=1
Cmd: compileSnippet
  api=4 type=0 insize=2509 outsize=2867 kw=POINT_COOKIE ok=1
Cmd: compileSnippet
  api=8 type=1 insize=2509 outsize=1690 kw=POINT ok=1
Cmd: compileSnippet
  api=4 type=0 insize=2219 outsize=2078 kw= ok=1
Cmd: compileSnippet
  api=4 type=0 insize=1852 outsize=1697 kw= ok=1
Cmd: compileSnippet
  api=4 type=1 insize=1852 outsize=1250 kw= ok=1
Cmd: compileSnippet
  api=4 type=0 insize=1260 outsize=1388 kw= ok=1
Cmd: compileSnippet
  api=4 type=1 insize=1097 outsize=1055 kw= ok=1
Cmd: compileSnippet
  api=4 type=1 insize=1179 outsize=1014 kw= ok=1
Cmd: compileSnippet
  api=4 type=0 insize=1260 outsize=1388 kw= ok=1
Cmd: compileSnippet
  api=8 type=1 insize=1260 outsize=2535 kw= ok=1
Cmd: compileSnippet
  api=4 type=0 insize=1252 outsize=1388 kw= ok=1
Cmd: compileSnippet
  api=4 type=0 insize=1333 outsize=1388 kw= ok=1
Cmd: compileSnippet
  api=4 type=1 insize=1237 outsize=1168 kw= ok=1
Cmd: compileSnippet
  error: 2 plat 4 at (98): 'vert': output parameter 'o' not completely initialized
  error: 1 plat 4 at (143): implicit truncation of vector type
  error: 1 plat 4 at (144): implicit truncation of vector type
  api=4 type=0 insize=8020 outsize=0 kw=DIRECTIONAL SHADOWS_OFF LIGHTMAP_OFF DIRLIGHTMAP_OFF ok=0
Cmd: compileSnippet
  error: 2 plat 8 at (98): 'vert': output parameter 'o' not completely initialized
  error: 1 plat 8 at (143): implicit truncation of vector type
  error: 1 plat 8 at (144): implicit truncation of vector type
  api=8 type=0 insize=8020 outsize=0 kw=DIRECTIONAL SHADOWS_SCREEN LIGHTMAP_OFF DIRLIGHTMAP_OFF VERTEXLIGHT_ON ok=0
Cmd: compileSnippet
  api=4 type=1 insize=8020 outsize=2013 kw=DIRECTIONAL SHADOWS_OFF LIGHTMAP_ON DIRLIGHTMAP_OFF ok=1
Cmd: compileSnippet
  api=4 type=1 insize=8020 outsize=2062 kw=DIRECTIONAL SHADOWS_SCREEN LIGHTMAP_ON DIRLIGHTMAP_OFF ok=1
Cmd: compileSnippet
  error: 2 plat 4 at (98): 'vert': output parameter 'o' not completely initialized
  error: 1 plat 4 at (143): implicit truncation of vector type
  error: 1 plat 4 at (144): implicit truncation of vector type
  api=4 type=0 insize=5295 outsize=0 kw=POINT ok=0
Cmd: compileSnippet
  api=4 type=1 insize=5295 outsize=608 kw=POINT_COOKIE ok=1
Cmd: compileSnippet
  error: 2 plat 4 at (98): 'vert': output parameter 'o' not completely initialized
  error: 1 plat 4 at (143): implicit truncation of vector type
  error: 1 plat 4 at (144): implicit truncation of vector type
  api=4 type=0 insize=5224 outsize=0 kw= ok=0
Cmd: compileSnippet
  error: 2 plat 8 at (98): 'vert': output parameter 'o' not completely initialized
  error: 1 plat 8 at (143): implicit truncation of vector type
  error: 1 plat 8 at (144): implicit truncation of vector type
  api=8 type=0 insize=7464 outsize=0 kw=LIGHTMAP_ON DIRLIGHTMAP_OFF HDR_LIGHT_PREPASS_ON ok=0
Cmd: compileSnippet
  api=8 type=1 insize=7464 outsize=3120 kw=LIGHTMAP_ON DIRLIGHTMAP_OFF HDR_LIGHT_PREPASS_ON ok=1
Cmd: compileSnippet
  api=4 type=0 insize=1260 outsize=1388 kw= ok=1
Cmd: compileSnippet
  api=4 type=1 insize=1260 outsize=1745 kw= ok=1
Cmd: compileSnippet
  api=4 type=1 insize=1302 outsize=1160 kw= ok=1
Cmd: compileSnippet
  api=4 type=1 insize=882 outsize=754 kw= ok=1
Cmd: compileSnippet
  api=4 type=0 insize=1099 outsize=1510 kw= ok=1
Cmd: compileSnippet
  api=4 type=1 insize=1051 outsize=1363 kw= ok=1
