Base path: C:/Program Files (x86)/Unity/Editor/Data
Pipe name: \\.\pipe\UnityShaderCompiler-8-11904
Cmd: getPlatforms
Cmd: compileSnippet
  api=4 type=1 insize=7087 outsize=2338 kw=DIRECTIONAL LIGHTMAP_ON DIRLIGHTMAP_OFF ok=1
Cmd: compileSnippet
  api=8 type=0 insize=4819 outsize=6143 kw=SPOT ok=1
Cmd: compileSnippet
  api=4 type=1 insize=4819 outsize=3606 kw=DIRECTIONAL ok=1
Cmd: compileSnippet
  api=8 type=1 insize=4819 outsize=6232 kw=POINT_COOKIE ok=1
Cmd: compileSnippet
  api=4 type=0 insize=6012 outsize=1640 kw=DIRECTIONAL LIGHTMAP_ON DIRLIGHTMAP_OFF ok=1
Cmd: compileSnippet
  api=8 type=0 insize=3811 outsize=5525 kw=SPOT ok=1
Cmd: compileSnippet
  api=4 type=1 insize=3811 outsize=3378 kw=DIRECTIONAL_COOKIE ok=1
Cmd: compileSnippet
  api=4 type=0 insize=5336 outsize=1640 kw=DIRECTIONAL LIGHTMAP_ON DIRLIGHTMAP_OFF ok=1
Cmd: compileSnippet
  api=4 type=1 insize=5336 outsize=1680 kw=DIRECTIONAL LIGHTMAP_ON DIRLIGHTMAP_ON ok=1
Cmd: compileSnippet
  api=8 type=0 insize=2853 outsize=4558 kw=SPOT ok=1
Cmd: compileSnippet
  api=4 type=1 insize=2853 outsize=2655 kw=SPOT ok=1
Cmd: compileSnippet
  api=8 type=1 insize=1770 outsize=2040 kw= ok=1
Cmd: compileSnippet
  api=4 type=1 insize=1381 outsize=1737 kw= ok=1
Cmd: compileSnippet
  api=4 type=1 insize=1274 outsize=1136 kw= ok=1
Cmd: compileSnippet
  error: 2 plat 4 at (103): 'vert': output parameter 'o' not completely initialized
  error: 1 plat 4 at (153): implicit truncation of vector type
  api=4 type=0 insize=8458 outsize=0 kw=DIRECTIONAL SHADOWS_OFF LIGHTMAP_OFF DIRLIGHTMAP_OFF ok=0
Cmd: compileSnippet
  error: 2 plat 4 at (103): 'vert': output parameter 'o' not completely initialized
  error: 1 plat 4 at (153): implicit truncation of vector type
  api=4 type=0 insize=8458 outsize=0 kw=DIRECTIONAL SHADOWS_SCREEN LIGHTMAP_OFF DIRLIGHTMAP_OFF ok=0
Cmd: compileSnippet
  error: 2 plat 8 at (103): 'vert': output parameter 'o' not completely initialized
  error: 1 plat 8 at (153): implicit truncation of vector type
  api=8 type=0 insize=8458 outsize=0 kw=DIRECTIONAL SHADOWS_OFF LIGHTMAP_OFF DIRLIGHTMAP_OFF VERTEXLIGHT_ON ok=0
Cmd: compileSnippet
  api=8 type=1 insize=8458 outsize=3632 kw=DIRECTIONAL SHADOWS_OFF LIGHTMAP_ON DIRLIGHTMAP_OFF ok=1
Cmd: compileSnippet
  error: 2 plat 4 at (103): 'vert': output parameter 'o' not completely initialized
  error: 1 plat 4 at (153): implicit truncation of vector type
  api=4 type=0 insize=5626 outsize=0 kw=POINT ok=0
Cmd: compileSnippet
  api=8 type=1 insize=5626 outsize=829 kw=POINT ok=1
Cmd: compileSnippet
  api=4 type=1 insize=5626 outsize=608 kw=POINT_COOKIE ok=1
Cmd: compileSnippet
  error: 2 plat 4 at (103): 'vert': output parameter 'o' not completely initialized
  error: 1 plat 4 at (153): implicit truncation of vector type
  api=4 type=0 insize=7902 outsize=0 kw=LIGHTMAP_OFF DIRLIGHTMAP_OFF HDR_LIGHT_PREPASS_ON ok=0
Cmd: compileSnippet
  api=8 type=1 insize=7902 outsize=3681 kw=LIGHTMAP_OFF DIRLIGHTMAP_OFF HDR_LIGHT_PREPASS_OFF ok=1
Cmd: compileSnippet
  api=8 type=1 insize=7902 outsize=3730 kw=LIGHTMAP_ON DIRLIGHTMAP_OFF HDR_LIGHT_PREPASS_ON ok=1
Cmd: compileSnippet
  api=8 type=1 insize=1788 outsize=2064 kw= ok=1
Cmd: compileSnippet
  api=4 type=0 insize=4543 outsize=2184 kw=DIRECTIONAL LIGHTMAP_ON DIRLIGHTMAP_ON ok=1
Cmd: compileSnippet
  api=8 type=1 insize=4543 outsize=2097 kw=DIRECTIONAL LIGHTMAP_ON DIRLIGHTMAP_OFF ok=1
Cmd: compileSnippet
  api=4 type=0 insize=2509 outsize=2867 kw=SPOT ok=1
Cmd: compileSnippet
  api=4 type=1 insize=2509 outsize=1242 kw=SPOT ok=1
Cmd: compileSnippet
  api=8 type=1 insize=1852 outsize=2032 kw= ok=1
Cmd: compileSnippet
  api=4 type=1 insize=1051 outsize=1363 kw= ok=1
Cmd: compileSnippet
  api=8 type=1 insize=1179 outsize=1463 kw= ok=1
Cmd: compileSnippet
  api=8 type=1 insize=2137 outsize=2592 kw= ok=1
Cmd: compileSnippet
  api=8 type=0 insize=1333 outsize=1950 kw= ok=1
Cmd: compileSnippet
  api=8 type=1 insize=1237 outsize=1690 kw= ok=1
Cmd: compileSnippet
  api=4 type=0 insize=2284 outsize=2078 kw= ok=1
Cmd: compileSnippet
  error: 2 plat 4 at (98): 'vert': output parameter 'o' not completely initialized
  error: 1 plat 4 at (143): implicit truncation of vector type
  error: 1 plat 4 at (144): implicit truncation of vector type
  api=4 type=0 insize=8020 outsize=0 kw=DIRECTIONAL SHADOWS_OFF LIGHTMAP_ON DIRLIGHTMAP_OFF ok=0
Cmd: compileSnippet
  error: 2 plat 8 at (98): 'vert': output parameter 'o' not completely initialized
  error: 1 plat 8 at (143): implicit truncation of vector type
  error: 1 plat 8 at (144): implicit truncation of vector type
  api=8 type=0 insize=8020 outsize=0 kw=DIRECTIONAL SHADOWS_OFF LIGHTMAP_OFF DIRLIGHTMAP_OFF VERTEXLIGHT_ON ok=0
Cmd: compileSnippet
  api=8 type=1 insize=8020 outsize=3120 kw=DIRECTIONAL SHADOWS_OFF LIGHTMAP_OFF DIRLIGHTMAP_OFF ok=1
Cmd: compileSnippet
  error: 2 plat 4 at (98): 'vert': output parameter 'o' not completely initialized
  error: 1 plat 4 at (143): implicit truncation of vector type
  error: 1 plat 4 at (144): implicit truncation of vector type
  api=4 type=0 insize=5295 outsize=0 kw=SPOT ok=0
Cmd: compileSnippet
  error: 2 plat 8 at (98): 'vert': output parameter 'o' not completely initialized
  error: 1 plat 8 at (143): implicit truncation of vector type
  error: 1 plat 8 at (144): implicit truncation of vector type
  api=8 type=0 insize=5295 outsize=0 kw=DIRECTIONAL_COOKIE ok=0
Cmd: compileSnippet
  api=4 type=1 insize=5295 outsize=608 kw=SPOT ok=1
Cmd: compileSnippet
  error: 2 plat 4 at (98): 'vert': output parameter 'o' not completely initialized
  error: 1 plat 4 at (143): implicit truncation of vector type
  error: 1 plat 4 at (144): implicit truncation of vector type
  api=4 type=0 insize=7464 outsize=0 kw=LIGHTMAP_OFF DIRLIGHTMAP_OFF HDR_LIGHT_PREPASS_ON ok=0
Cmd: compileSnippet
  api=4 type=1 insize=7464 outsize=2062 kw=LIGHTMAP_OFF DIRLIGHTMAP_OFF HDR_LIGHT_PREPASS_OFF ok=1
Cmd: compileSnippet
  api=4 type=0 insize=1302 outsize=1193 kw= ok=1
Cmd: compileSnippet
  api=8 type=1 insize=1099 outsize=1495 kw= ok=1
Cmd: compileSnippet
  api=4 type=0 insize=1051 outsize=1193 kw= ok=1
Unhandled exception: Readfile from pipe failed. GLE=管道已结束。


Quitting shader compiler process
