Base path: C:/Program Files (x86)/Unity/Editor/Data
Pipe name: \\.\pipe\UnityShaderCompiler-5-8464
Cmd: getPlatforms
Cmd: compileSnippet
  api=8 type=0 insize=7087 outsize=2860 kw=DIRECTIONAL LIGHTMAP_ON DIRLIGHTMAP_OFF ok=1
Cmd: compileSnippet
  api=4 type=0 insize=4819 outsize=4223 kw=POINT ok=1
Cmd: compileSnippet
  api=8 type=0 insize=4819 outsize=6143 kw=POINT_COOKIE ok=1
Cmd: compileSnippet
  api=4 type=1 insize=4819 outsize=4077 kw=POINT ok=1
Cmd: compileSnippet
  api=4 type=1 insize=4819 outsize=4207 kw=POINT_COOKIE ok=1
Cmd: compileSnippet
  api=4 type=0 insize=6012 outsize=5848 kw=DIRECTIONAL LIGHTMAP_OFF DIRLIGHTMAP_OFF VERTEXLIGHT_ON ok=1
Cmd: compileSnippet
  api=8 type=1 insize=6012 outsize=2430 kw=DIRECTIONAL LIGHTMAP_ON DIRLIGHTMAP_OFF ok=1
Cmd: compileSnippet
  api=8 type=0 insize=3811 outsize=4372 kw=DIRECTIONAL ok=1
Cmd: compileSnippet
  api=4 type=1 insize=3811 outsize=3118 kw=DIRECTIONAL ok=1
Cmd: compileSnippet
  api=8 type=0 insize=5336 outsize=2243 kw=DIRECTIONAL LIGHTMAP_ON DIRLIGHTMAP_OFF ok=1
Cmd: compileSnippet
  api=8 type=1 insize=5336 outsize=2771 kw=DIRECTIONAL LIGHTMAP_OFF DIRLIGHTMAP_OFF ok=1
Cmd: compileSnippet
  api=8 type=0 insize=2853 outsize=4526 kw=DIRECTIONAL_COOKIE ok=1
Cmd: compileSnippet
  api=4 type=1 insize=2853 outsize=1745 kw=DIRECTIONAL ok=1
Cmd: compileSnippet
  api=8 type=1 insize=2853 outsize=3494 kw=POINT_COOKIE ok=1
Cmd: compileSnippet
  api=4 type=0 insize=1282 outsize=1388 kw= ok=1
Cmd: compileSnippet
  api=4 type=1 insize=1282 outsize=1128 kw= ok=1
Cmd: compileSnippet
  api=8 type=0 insize=986 outsize=1812 kw= ok=1
Cmd: compileSnippet
  api=4 type=0 insize=1203 outsize=1388 kw= ok=1
Cmd: compileSnippet
  error: 2 plat 4 at (103): 'vert': output parameter 'o' not completely initialized
  error: 1 plat 4 at (153): implicit truncation of vector type
  api=4 type=0 insize=8458 outsize=0 kw=DIRECTIONAL SHADOWS_SCREEN LIGHTMAP_ON DIRLIGHTMAP_OFF ok=0
Cmd: compileSnippet
  api=4 type=1 insize=8458 outsize=2338 kw=DIRECTIONAL SHADOWS_OFF LIGHTMAP_ON DIRLIGHTMAP_OFF ok=1
Cmd: compileSnippet
  error: 2 plat 4 at (103): 'vert': output parameter 'o' not completely initialized
  error: 1 plat 4 at (153): implicit truncation of vector type
  api=4 type=0 insize=5626 outsize=0 kw=POINT_COOKIE ok=0
Cmd: compileSnippet
  api=4 type=1 insize=5626 outsize=559 kw=DIRECTIONAL ok=1
Cmd: compileSnippet
  api=4 type=1 insize=5626 outsize=608 kw=DIRECTIONAL_COOKIE ok=1
Cmd: compileSnippet
  error: 2 plat 4 at (103): 'vert': output parameter 'o' not completely initialized
  error: 1 plat 4 at (153): implicit truncation of vector type
  api=4 type=0 insize=7902 outsize=0 kw=LIGHTMAP_ON DIRLIGHTMAP_OFF HDR_LIGHT_PREPASS_ON ok=0
Cmd: compileSnippet
  api=8 type=1 insize=7902 outsize=3730 kw=LIGHTMAP_ON DIRLIGHTMAP_OFF HDR_LIGHT_PREPASS_OFF ok=1
Cmd: compileSnippet
  api=8 type=0 insize=2154 outsize=2958 kw= ok=1
Cmd: compileSnippet
  api=4 type=0 insize=4543 outsize=2875 kw=DIRECTIONAL LIGHTMAP_OFF DIRLIGHTMAP_OFF ok=1
Cmd: compileSnippet
  api=4 type=0 insize=4543 outsize=4288 kw=DIRECTIONAL LIGHTMAP_OFF DIRLIGHTMAP_OFF VERTEXLIGHT_ON ok=1
Cmd: compileSnippet
  api=8 type=1 insize=4543 outsize=2097 kw=DIRECTIONAL LIGHTMAP_ON DIRLIGHTMAP_ON ok=1
Cmd: compileSnippet
  api=4 type=0 insize=2509 outsize=2867 kw=POINT ok=1
Cmd: compileSnippet
  api=4 type=1 insize=2509 outsize=1242 kw=POINT_COOKIE ok=1
Cmd: compileSnippet
  api=8 type=1 insize=2219 outsize=2584 kw= ok=1
Cmd: compileSnippet
  api=8 type=1 insize=1051 outsize=2015 kw= ok=1
Cmd: compileSnippet
  api=4 type=1 insize=2137 outsize=1632 kw= ok=1
Cmd: compileSnippet
  api=4 type=1 insize=1260 outsize=1705 kw= ok=1
Cmd: compileSnippet
  api=4 type=1 insize=1329 outsize=1128 kw= ok=1
Cmd: compileSnippet
  api=8 type=1 insize=1222 outsize=1715 kw= ok=1
Cmd: compileSnippet
  api=8 type=1 insize=1277 outsize=1593 kw= ok=1
Cmd: compileSnippet
  api=8 type=0 insize=1041 outsize=1812 kw= ok=1
Cmd: compileSnippet
  api=8 type=1 insize=1041 outsize=1390 kw= ok=1
Cmd: compileSnippet
  api=8 type=0 insize=1237 outsize=1950 kw= ok=1
Cmd: compileSnippet
  error: 2 plat 4 at (98): 'vert': output parameter 'o' not completely initialized
  error: 1 plat 4 at (143): implicit truncation of vector type
  error: 1 plat 4 at (144): implicit truncation of vector type
  api=4 type=0 insize=8020 outsize=0 kw=DIRECTIONAL SHADOWS_SCREEN LIGHTMAP_OFF DIRLIGHTMAP_OFF ok=0
Cmd: compileSnippet
  error: 2 plat 4 at (98): 'vert': output parameter 'o' not completely initialized
  error: 1 plat 4 at (143): implicit truncation of vector type
  error: 1 plat 4 at (144): implicit truncation of vector type
  api=4 type=0 insize=8020 outsize=0 kw=DIRECTIONAL SHADOWS_SCREEN LIGHTMAP_OFF DIRLIGHTMAP_OFF VERTEXLIGHT_ON ok=0
Cmd: compileSnippet
  api=4 type=1 insize=8020 outsize=2160 kw=DIRECTIONAL SHADOWS_SCREEN LIGHTMAP_OFF DIRLIGHTMAP_OFF ok=1
Cmd: compileSnippet
  error: 2 plat 8 at (98): 'vert': output parameter 'o' not completely initialized
  error: 1 plat 8 at (143): implicit truncation of vector type
  error: 1 plat 8 at (144): implicit truncation of vector type
  api=8 type=0 insize=5295 outsize=0 kw=DIRECTIONAL ok=0
Cmd: compileSnippet
  api=8 type=1 insize=5295 outsize=829 kw=POINT_COOKIE ok=1
Cmd: compileSnippet
  error: 2 plat 8 at (98): 'vert': output parameter 'o' not completely initialized
  error: 1 plat 8 at (143): implicit truncation of vector type
  error: 1 plat 8 at (144): implicit truncation of vector type
  api=8 type=0 insize=7464 outsize=0 kw=LIGHTMAP_OFF DIRLIGHTMAP_OFF HDR_LIGHT_PREPASS_OFF ok=0
Cmd: compileSnippet
  api=4 type=1 insize=7464 outsize=2062 kw=LIGHTMAP_OFF DIRLIGHTMAP_OFF HDR_LIGHT_PREPASS_ON ok=1
Cmd: compileSnippet
  api=8 type=0 insize=1099 outsize=2162 kw= ok=1
Cmd: compileSnippet
  api=4 type=1 insize=1099 outsize=1055 kw= ok=1
Cmd: compileSnippet
  api=4 type=0 insize=1298 outsize=1274 kw=SOFTPARTICLES_ON ok=1
Cmd: compileSnippet
  api=4 type=1 insize=1298 outsize=1428 kw=SOFTPARTICLES_ON ok=1
Cmd: compileSnippet
  api=8 type=0 insize=1917 outsize=2430 kw= ok=1
Cmd: compileSnippet
  api=8 type=1 insize=1917 outsize=2974 kw= ok=1
Unhandled exception: Readfile from pipe failed. GLE=管道已结束。


Quitting shader compiler process
