Base path: C:/Program Files (x86)/Unity/Editor/Data
Pipe name: \\.\pipe\UnityShaderCompiler-3-9376
Cmd: getPlatforms
Cmd: compileSnippet
  api=4 type=0 insize=876 outsize=1193 kw= ok=1
Cmd: compileSnippet
  api=4 type=0 insize=7087 outsize=2087 kw=DIRECTIONAL LIGHTMAP_ON DIRLIGHTMAP_OFF ok=1
Cmd: compileSnippet
  api=4 type=1 insize=7087 outsize=3752 kw=DIRECTIONAL LIGHTMAP_OFF DIRLIGHTMAP_OFF ok=1
Cmd: compileSnippet
  api=4 type=1 insize=4819 outsize=3866 kw=DIRECTIONAL_COOKIE ok=1
Cmd: compileSnippet
  api=4 type=0 insize=3811 outsize=3777 kw=SPOT ok=1
Cmd: compileSnippet
  api=8 type=1 insize=3811 outsize=4648 kw=DIRECTIONAL ok=1
Cmd: compileSnippet
  api=8 type=0 insize=5336 outsize=4705 kw=DIRECTIONAL LIGHTMAP_OFF DIRLIGHTMAP_OFF ok=1
Cmd: compileSnippet
  api=8 type=0 insize=5336 outsize=7012 kw=DIRECTIONAL LIGHTMAP_OFF DIRLIGHTMAP_OFF VERTEXLIGHT_ON ok=1
Cmd: compileSnippet
  api=8 type=1 insize=5336 outsize=2430 kw=DIRECTIONAL LIGHTMAP_ON DIRLIGHTMAP_OFF ok=1
Cmd: compileSnippet
  api=4 type=0 insize=2853 outsize=3200 kw=SPOT ok=1
Cmd: compileSnippet
  api=4 type=1 insize=2853 outsize=2347 kw=POINT_COOKIE ok=1
Cmd: compileSnippet
  api=8 type=0 insize=815 outsize=1650 kw= ok=1
Cmd: compileSnippet
  api=4 type=1 insize=1203 outsize=1168 kw= ok=1
Cmd: compileSnippet
  api=4 type=0 insize=1770 outsize=1697 kw= ok=1
Cmd: compileSnippet
  api=8 type=1 insize=1381 outsize=2600 kw= ok=1
Cmd: compileSnippet
  error: 2 plat 4 at (103): 'vert': output parameter 'o' not completely initialized
  error: 1 plat 4 at (153): implicit truncation of vector type
  api=4 type=0 insize=8458 outsize=0 kw=DIRECTIONAL SHADOWS_OFF LIGHTMAP_ON DIRLIGHTMAP_OFF ok=0
Cmd: compileSnippet
  api=8 type=1 insize=8458 outsize=3730 kw=DIRECTIONAL SHADOWS_OFF LIGHTMAP_OFF DIRLIGHTMAP_OFF ok=1
Cmd: compileSnippet
  api=8 type=1 insize=5626 outsize=829 kw=DIRECTIONAL_COOKIE ok=1
Cmd: compileSnippet
  api=8 type=1 insize=5555 outsize=1341 kw= ok=1
Cmd: compileSnippet
  error: 2 plat 8 at (103): 'vert': output parameter 'o' not completely initialized
  error: 1 plat 8 at (153): implicit truncation of vector type
  api=8 type=0 insize=7902 outsize=0 kw=LIGHTMAP_ON DIRLIGHTMAP_OFF HDR_LIGHT_PREPASS_OFF ok=0
Cmd: compileSnippet
  error: 2 plat 8 at (103): 'vert': output parameter 'o' not completely initialized
  error: 1 plat 8 at (153): implicit truncation of vector type
  api=8 type=0 insize=7902 outsize=0 kw=LIGHTMAP_ON DIRLIGHTMAP_OFF HDR_LIGHT_PREPASS_ON ok=0
Cmd: compileSnippet
  api=4 type=1 insize=7902 outsize=2436 kw=LIGHTMAP_ON DIRLIGHTMAP_OFF HDR_LIGHT_PREPASS_OFF ok=1
Cmd: compileSnippet
  api=4 type=1 insize=7902 outsize=2436 kw=LIGHTMAP_ON DIRLIGHTMAP_OFF HDR_LIGHT_PREPASS_ON ok=1
Cmd: compileSnippet
  api=8 type=1 insize=1322 outsize=2600 kw= ok=1
Cmd: compileSnippet
  api=8 type=0 insize=1788 outsize=2430 kw= ok=1
Cmd: compileSnippet
  api=4 type=1 insize=1788 outsize=1290 kw= ok=1
Cmd: compileSnippet
  api=8 type=0 insize=4543 outsize=3104 kw=DIRECTIONAL LIGHTMAP_ON DIRLIGHTMAP_ON ok=1
Cmd: compileSnippet
  api=4 type=1 insize=4543 outsize=1404 kw=DIRECTIONAL LIGHTMAP_ON DIRLIGHTMAP_OFF ok=1
Cmd: compileSnippet
  api=8 type=0 insize=2509 outsize=4087 kw=POINT_COOKIE ok=1
Cmd: compileSnippet
  api=8 type=1 insize=2509 outsize=1642 kw=DIRECTIONAL ok=1
Cmd: compileSnippet
  api=8 type=0 insize=1852 outsize=2430 kw= ok=1
Cmd: compileSnippet
  api=4 type=1 insize=1260 outsize=1136 kw= ok=1
Cmd: compileSnippet
  api=8 type=0 insize=1097 outsize=2162 kw= ok=1
Cmd: compileSnippet
  api=8 type=0 insize=924 outsize=1690 kw= ok=1
Cmd: compileSnippet
  api=8 type=0 insize=1179 outsize=2162 kw= ok=1
Cmd: compileSnippet
  api=8 type=0 insize=1329 outsize=1950 kw= ok=1
Cmd: compileSnippet
  api=4 type=0 insize=1222 outsize=1388 kw= ok=1
Cmd: compileSnippet
  api=8 type=1 insize=1252 outsize=1715 kw= ok=1
Cmd: compileSnippet
  api=8 type=0 insize=1277 outsize=1950 kw= ok=1
Cmd: compileSnippet
  api=4 type=1 insize=2284 outsize=2257 kw= ok=1
Cmd: compileSnippet
  error: 2 plat 8 at (98): 'vert': output parameter 'o' not completely initialized
  error: 1 plat 8 at (143): implicit truncation of vector type
  error: 1 plat 8 at (144): implicit truncation of vector type
  api=8 type=0 insize=8020 outsize=0 kw=DIRECTIONAL SHADOWS_OFF LIGHTMAP_OFF DIRLIGHTMAP_OFF ok=0
Cmd: compileSnippet
  error: 2 plat 8 at (98): 'vert': output parameter 'o' not completely initialized
  error: 1 plat 8 at (143): implicit truncation of vector type
  error: 1 plat 8 at (144): implicit truncation of vector type
  api=8 type=0 insize=8020 outsize=0 kw=DIRECTIONAL SHADOWS_SCREEN LIGHTMAP_ON DIRLIGHTMAP_OFF ok=0
Cmd: compileSnippet
  error: 2 plat 8 at (98): 'vert': output parameter 'o' not completely initialized
  error: 1 plat 8 at (143): implicit truncation of vector type
  error: 1 plat 8 at (144): implicit truncation of vector type
  api=8 type=0 insize=5295 outsize=0 kw=SPOT ok=0
Cmd: compileSnippet
  api=4 type=1 insize=5295 outsize=608 kw=POINT ok=1
Cmd: compileSnippet
  api=4 type=1 insize=5295 outsize=608 kw=DIRECTIONAL_COOKIE ok=1
Cmd: compileSnippet
  api=4 type=1 insize=5224 outsize=917 kw= ok=1
Cmd: compileSnippet
  error: 2 plat 4 at (98): 'vert': output parameter 'o' not completely initialized
  error: 1 plat 4 at (143): implicit truncation of vector type
  error: 1 plat 4 at (144): implicit truncation of vector type
  api=4 type=0 insize=7464 outsize=0 kw=LIGHTMAP_ON DIRLIGHTMAP_OFF HDR_LIGHT_PREPASS_OFF ok=0
Cmd: compileSnippet
  api=8 type=1 insize=7464 outsize=3120 kw=LIGHTMAP_ON DIRLIGHTMAP_OFF HDR_LIGHT_PREPASS_OFF ok=1
Cmd: compileSnippet
  api=4 type=0 insize=882 outsize=1193 kw= ok=1
Cmd: compileSnippet
  api=8 type=0 insize=1298 outsize=1812 kw=SOFTPARTICLES_ON ok=1
Cmd: compileSnippet
  api=8 type=1 insize=1298 outsize=2316 kw=SOFTPARTICLES_OFF ok=1
Cmd: compileSnippet
  api=8 type=0 insize=1051 outsize=1690 kw= ok=1
Cmd: compileSnippet
  api=4 type=0 insize=1917 outsize=1697 kw= ok=1
Unhandled exception: Readfile from pipe failed. GLE=管道已结束。


Quitting shader compiler process
